{"C:\\javaNTNU\\Host2018\\Systemutvikling\\Oving3\\TDAT2003Oving3\\server\\src\\dao\\ArtikkelDAO.js": {"path":"C:\\javaNTNU\\Host2018\\Systemutvikling\\Oving3\\TDAT2003Oving3\\server\\src\\dao\\ArtikkelDAO.js","statementMap":{"0":{"start":{"line":3,"column":12},"end":{"line":3,"column":31}},"1":{"start":{"line":29,"column":0},"end":{"line":89,"column":2}},"2":{"start":{"line":31,"column":4},"end":{"line":35,"column":6}},"3":{"start":{"line":39,"column":4},"end":{"line":43,"column":6}},"4":{"start":{"line":46,"column":4},"end":{"line":50,"column":6}},"5":{"start":{"line":54,"column":14},"end":{"line":61,"column":5}},"6":{"start":{"line":62,"column":4},"end":{"line":66,"column":6}},"7":{"start":{"line":70,"column":4},"end":{"line":72,"column":6}},"8":{"start":{"line":71,"column":6},"end":{"line":71,"column":68}},"9":{"start":{"line":75,"column":14},"end":{"line":82,"column":5}},"10":{"start":{"line":83,"column":4},"end":{"line":87,"column":6}}},"fnMap":{"0":{"name":"(anonymous_0)","decl":{"start":{"line":30,"column":2},"end":{"line":30,"column":3}},"loc":{"start":{"line":30,"column":41},"end":{"line":36,"column":3}},"line":30},"1":{"name":"(anonymous_1)","decl":{"start":{"line":38,"column":2},"end":{"line":38,"column":3}},"loc":{"start":{"line":38,"column":49},"end":{"line":44,"column":3}},"line":38},"2":{"name":"(anonymous_2)","decl":{"start":{"line":45,"column":2},"end":{"line":45,"column":3}},"loc":{"start":{"line":45,"column":65},"end":{"line":51,"column":3}},"line":45},"3":{"name":"(anonymous_3)","decl":{"start":{"line":53,"column":2},"end":{"line":53,"column":3}},"loc":{"start":{"line":53,"column":57},"end":{"line":67,"column":3}},"line":53},"4":{"name":"(anonymous_4)","decl":{"start":{"line":69,"column":2},"end":{"line":69,"column":3}},"loc":{"start":{"line":69,"column":54},"end":{"line":73,"column":3}},"line":69},"5":{"name":"(anonymous_5)","decl":{"start":{"line":70,"column":64},"end":{"line":70,"column":65}},"loc":{"start":{"line":71,"column":6},"end":{"line":71,"column":68}},"line":71},"6":{"name":"(anonymous_6)","decl":{"start":{"line":74,"column":2},"end":{"line":74,"column":3}},"loc":{"start":{"line":74,"column":54},"end":{"line":88,"column":3}},"line":74}},"branchMap":{},"s":{"0":1,"1":1,"2":1,"3":2,"4":1,"5":1,"6":1,"7":1,"8":1,"9":1,"10":1},"f":{"0":1,"1":2,"2":1,"3":1,"4":1,"5":1,"6":1},"b":{},"_coverageSchema":"332fd63041d2c1bcb487cc26dd0d5f7d97098a6c","hash":"ad1cdaf9aec6cd94d3577fc8239436c117c8497c"}
,"C:\\javaNTNU\\Host2018\\Systemutvikling\\Oving3\\TDAT2003Oving3\\server\\src\\dao\\dao.js": {"path":"C:\\javaNTNU\\Host2018\\Systemutvikling\\Oving3\\TDAT2003Oving3\\server\\src\\dao\\dao.js","statementMap":{"0":{"start":{"line":5,"column":0},"end":{"line":33,"column":2}},"1":{"start":{"line":8,"column":4},"end":{"line":8,"column":21}},"2":{"start":{"line":13,"column":4},"end":{"line":31,"column":7}},"3":{"start":{"line":14,"column":6},"end":{"line":14,"column":48}},"4":{"start":{"line":15,"column":6},"end":{"line":30,"column":7}},"5":{"start":{"line":16,"column":8},"end":{"line":16,"column":45}},"6":{"start":{"line":17,"column":8},"end":{"line":17,"column":60}},"7":{"start":{"line":19,"column":8},"end":{"line":19,"column":48}},"8":{"start":{"line":20,"column":8},"end":{"line":29,"column":11}},"9":{"start":{"line":21,"column":10},"end":{"line":21,"column":31}},"10":{"start":{"line":22,"column":10},"end":{"line":28,"column":11}},"11":{"start":{"line":23,"column":12},"end":{"line":23,"column":29}},"12":{"start":{"line":24,"column":12},"end":{"line":24,"column":55}},"13":{"start":{"line":26,"column":12},"end":{"line":26,"column":47}},"14":{"start":{"line":27,"column":12},"end":{"line":27,"column":32}}},"fnMap":{"0":{"name":"(anonymous_0)","decl":{"start":{"line":6,"column":2},"end":{"line":6,"column":3}},"loc":{"start":{"line":6,"column":20},"end":{"line":9,"column":3}},"line":6},"1":{"name":"(anonymous_1)","decl":{"start":{"line":12,"column":2},"end":{"line":12,"column":3}},"loc":{"start":{"line":12,"column":31},"end":{"line":32,"column":3}},"line":12},"2":{"name":"(anonymous_2)","decl":{"start":{"line":13,"column":28},"end":{"line":13,"column":29}},"loc":{"start":{"line":13,"column":49},"end":{"line":31,"column":5}},"line":13},"3":{"name":"(anonymous_3)","decl":{"start":{"line":20,"column":38},"end":{"line":20,"column":39}},"loc":{"start":{"line":20,"column":53},"end":{"line":29,"column":9}},"line":20}},"branchMap":{"0":{"loc":{"start":{"line":15,"column":6},"end":{"line":30,"column":7}},"type":"if","locations":[{"start":{"line":15,"column":6},"end":{"line":30,"column":7}},{"start":{"line":15,"column":6},"end":{"line":30,"column":7}}],"line":15},"1":{"loc":{"start":{"line":22,"column":10},"end":{"line":28,"column":11}},"type":"if","locations":[{"start":{"line":22,"column":10},"end":{"line":28,"column":11}},{"start":{"line":22,"column":10},"end":{"line":28,"column":11}}],"line":22}},"s":{"0":1,"1":1,"2":8,"3":8,"4":8,"5":0,"6":0,"7":8,"8":8,"9":8,"10":8,"11":0,"12":0,"13":8,"14":8},"f":{"0":1,"1":8,"2":8,"3":8},"b":{"0":[0,8],"1":[0,8]},"_coverageSchema":"332fd63041d2c1bcb487cc26dd0d5f7d97098a6c","hash":"a0ce254d63821a29796b36685b3adbc597571a0f"}
,"C:\\javaNTNU\\Host2018\\Systemutvikling\\Oving3\\TDAT2003Oving3\\server\\test\\dao\\runsqlfile.js": {"path":"C:\\javaNTNU\\Host2018\\Systemutvikling\\Oving3\\TDAT2003Oving3\\server\\test\\dao\\runsqlfile.js","statementMap":{"0":{"start":{"line":1,"column":12},"end":{"line":1,"column":28}},"1":{"start":{"line":2,"column":9},"end":{"line":2,"column":22}},"2":{"start":{"line":4,"column":0},"end":{"line":25,"column":2}},"3":{"start":{"line":5,"column":2},"end":{"line":5,"column":54}},"4":{"start":{"line":6,"column":12},"end":{"line":6,"column":45}},"5":{"start":{"line":7,"column":2},"end":{"line":24,"column":5}},"6":{"start":{"line":8,"column":4},"end":{"line":23,"column":5}},"7":{"start":{"line":9,"column":6},"end":{"line":9,"column":50}},"8":{"start":{"line":10,"column":6},"end":{"line":10,"column":13}},"9":{"start":{"line":12,"column":6},"end":{"line":12,"column":43}},"10":{"start":{"line":13,"column":6},"end":{"line":22,"column":9}},"11":{"start":{"line":14,"column":8},"end":{"line":14,"column":29}},"12":{"start":{"line":15,"column":8},"end":{"line":21,"column":9}},"13":{"start":{"line":16,"column":10},"end":{"line":16,"column":27}},"14":{"start":{"line":17,"column":10},"end":{"line":17,"column":17}},"15":{"start":{"line":19,"column":10},"end":{"line":19,"column":44}},"16":{"start":{"line":20,"column":10},"end":{"line":20,"column":17}}},"fnMap":{"0":{"name":"run","decl":{"start":{"line":4,"column":26},"end":{"line":4,"column":29}},"loc":{"start":{"line":4,"column":52},"end":{"line":25,"column":1}},"line":4},"1":{"name":"(anonymous_1)","decl":{"start":{"line":7,"column":21},"end":{"line":7,"column":22}},"loc":{"start":{"line":7,"column":42},"end":{"line":24,"column":3}},"line":7},"2":{"name":"(anonymous_2)","decl":{"start":{"line":13,"column":28},"end":{"line":13,"column":29}},"loc":{"start":{"line":13,"column":43},"end":{"line":22,"column":7}},"line":13}},"branchMap":{"0":{"loc":{"start":{"line":8,"column":4},"end":{"line":23,"column":5}},"type":"if","locations":[{"start":{"line":8,"column":4},"end":{"line":23,"column":5}},{"start":{"line":8,"column":4},"end":{"line":23,"column":5}}],"line":8},"1":{"loc":{"start":{"line":15,"column":8},"end":{"line":21,"column":9}},"type":"if","locations":[{"start":{"line":15,"column":8},"end":{"line":21,"column":9}},{"start":{"line":15,"column":8},"end":{"line":21,"column":9}}],"line":15}},"s":{"0":1,"1":1,"2":1,"3":2,"4":2,"5":2,"6":2,"7":0,"8":0,"9":2,"10":2,"11":2,"12":2,"13":0,"14":0,"15":2,"16":2},"f":{"0":2,"1":2,"2":2},"b":{"0":[0,2],"1":[0,2]},"_coverageSchema":"332fd63041d2c1bcb487cc26dd0d5f7d97098a6c","hash":"3bcf2429d312f39d940ca691182f23b2fac4e2b9"}
,"C:\\javaNTNU\\Host2018\\Systemutvikling\\Oving3\\TDAT2003Oving3\\server\\test\\dao\\testConfig.js": {"path":"C:\\javaNTNU\\Host2018\\Systemutvikling\\Oving3\\TDAT2003Oving3\\server\\test\\dao\\testConfig.js","statementMap":{"0":{"start":{"line":1,"column":0},"end":{"line":10,"column":2}}},"fnMap":{},"branchMap":{"0":{"loc":{"start":{"line":3,"column":8},"end":{"line":3,"column":45}},"type":"cond-expr","locations":[{"start":{"line":3,"column":25},"end":{"line":3,"column":32}},{"start":{"line":3,"column":34},"end":{"line":3,"column":45}}],"line":3},"1":{"loc":{"start":{"line":6,"column":12},"end":{"line":6,"column":50}},"type":"cond-expr","locations":[{"start":{"line":6,"column":29},"end":{"line":6,"column":37}},{"start":{"line":6,"column":40},"end":{"line":6,"column":50}}],"line":6},"2":{"loc":{"start":{"line":7,"column":12},"end":{"line":7,"column":62}},"type":"cond-expr","locations":[{"start":{"line":7,"column":29},"end":{"line":7,"column":42}},{"start":{"line":7,"column":45},"end":{"line":7,"column":62}}],"line":7}},"s":{"0":1},"f":{},"b":{"0":[0,1],"1":[0,1],"2":[0,1]},"_coverageSchema":"332fd63041d2c1bcb487cc26dd0d5f7d97098a6c","hash":"e4fd3bd5124e9ead108f43f68e2aebefb7f78261"}
}
